Using pre-set license
Built from '2021.1/staging' branch; Version is '2021.1.13f1 (a03098edbbe0) revision 10498200'; Using compiler version '192528614'; Build Type 'Release'
OS: 'Windows 10 Home Single Language; OS build 19043.1348; Version 2009; 64bit' Language: 'es' Physical Memory: 7959 MB
BatchMode: 1, IsHumanControllingUs: 0, StartBugReporterOnCrash: 0, Is64bit: 1, IsPro: 0

 COMMAND LINE ARGUMENTS:
C:\Program Files\Unity 2021.1.13f1\Editor\Unity.exe
-adb2
-batchMode
-noUpm
-name
AssetImportWorker0
-projectPath
D:/SEPTIMO SEMESTRE/DESARROLLO DE ENTORNOS DE REALIDAD VIRTUAL/DERV_UNIDAD2
-logFile
Logs/AssetImportWorker0.log
-srvPort
53193
Successfully changed project path to: D:/SEPTIMO SEMESTRE/DESARROLLO DE ENTORNOS DE REALIDAD VIRTUAL/DERV_UNIDAD2
D:/SEPTIMO SEMESTRE/DESARROLLO DE ENTORNOS DE REALIDAD VIRTUAL/DERV_UNIDAD2
Using Asset Import Pipeline V2.
Refreshing native plugins compatible for Editor in 196.73 ms, found 3 plugins.
Preloading 0 native plugins for Editor in 0.00 ms.
Initialize engine version: 2021.1.13f1 (a03098edbbe0)
[Subsystems] Discovering subsystems at path C:/Program Files/Unity 2021.1.13f1/Editor/Data/Resources/UnitySubsystems
[Subsystems] Discovering subsystems at path D:/SEPTIMO SEMESTRE/DESARROLLO DE ENTORNOS DE REALIDAD VIRTUAL/DERV_UNIDAD2/Assets
GfxDevice: creating device client; threaded=0; jobified=0
Direct3D:
    Version:  Direct3D 11.0 [level 11.1]
    Renderer: Intel(R) UHD Graphics (ID=0x8a56)
    Vendor:   Intel
    VRAM:     3979 MB
    Driver:   27.20.100.9365
Initialize mono
Mono path[0] = 'C:/Program Files/Unity 2021.1.13f1/Editor/Data/Managed'
Mono path[1] = 'C:/Program Files/Unity 2021.1.13f1/Editor/Data/MonoBleedingEdge/lib/mono/unityjit'
Mono config path = 'C:/Program Files/Unity 2021.1.13f1/Editor/Data/MonoBleedingEdge/etc'
Using monoOptions --debugger-agent=transport=dt_socket,embedding=1,server=y,suspend=n,address=127.0.0.1:56916
Begin MonoManager ReloadAssembly
Registering precompiled unity dll's ...
Register platform support module: C:/Program Files/Unity 2021.1.13f1/Editor/Data/PlaybackEngines/WindowsStandaloneSupport/UnityEditor.WindowsStandalone.Extensions.dll
Registered in 0.004792 seconds.
Native extension for WindowsStandalone target not found
Refreshing native plugins compatible for Editor in 97.61 ms, found 3 plugins.
Preloading 0 native plugins for Editor in 0.00 ms.
Mono: successfully reloaded assembly
- Completed reload, in  2.689 seconds
Domain Reload Profiling:
	ReloadAssembly (2690ms)
		BeginReloadAssembly (65ms)
			ExecutionOrderSort (0ms)
			DisableScriptedObjects (0ms)
			BackupInstance (0ms)
			ReleaseScriptingObjects (0ms)
			CreateAndSetChildDomain (1ms)
		EndReloadAssembly (700ms)
			LoadAssemblies (64ms)
			RebuildTransferFunctionScriptingTraits (0ms)
			SetupTypeCache (192ms)
			ReleaseScriptCaches (0ms)
			RebuildScriptCaches (30ms)
			SetupLoadedEditorAssemblies (432ms)
				LogAssemblyErrors (0ms)
				InitializePlatformSupportModulesInManaged (6ms)
				SetLoadedEditorAssemblies (0ms)
				RefreshPlugins (98ms)
				BeforeProcessingInitializeOnLoad (2ms)
				ProcessInitializeOnLoadAttributes (132ms)
				ProcessInitializeOnLoadMethodAttributes (194ms)
				AfterProcessingInitializeOnLoad (0ms)
				EditorAssembliesLoaded (0ms)
			ExecutionOrderSort2 (0ms)
			AwakeInstancesAfterBackupRestoration (0ms)
Platform modules already initialized, skipping
Registering precompiled user dll's ...
Registered in 0.701344 seconds.
Begin MonoManager ReloadAssembly
Symbol file LoadedFromMemory doesn't match image D:\SEPTIMO SEMESTRE\DESARROLLO DE ENTORNOS DE REALIDAD VIRTUAL\DERV_UNIDAD2\Library\PackageCache\com.unity.visualscripting@1.6.1\Editor\VisualScripting.Core\Dependencies\YamlDotNet\Unity.VisualScripting.YamlDotNet.dll
Symbol file LoadedFromMemory doesn't match image D:\SEPTIMO SEMESTRE\DESARROLLO DE ENTORNOS DE REALIDAD VIRTUAL\DERV_UNIDAD2\Library\PackageCache\com.unity.visualscripting@1.6.1\Editor\VisualScripting.Core\Dependencies\DotNetZip\Unity.VisualScripting.IonicZip.dll
Native extension for WindowsStandalone target not found
Refreshing native plugins compatible for Editor in 0.54 ms, found 3 plugins.
Preloading 0 native plugins for Editor in 0.00 ms.
Mono: successfully reloaded assembly
- Completed reload, in  2.298 seconds
Domain Reload Profiling:
	ReloadAssembly (2299ms)
		BeginReloadAssembly (231ms)
			ExecutionOrderSort (0ms)
			DisableScriptedObjects (8ms)
			BackupInstance (0ms)
			ReleaseScriptingObjects (0ms)
			CreateAndSetChildDomain (34ms)
		EndReloadAssembly (1957ms)
			LoadAssemblies (1096ms)
			RebuildTransferFunctionScriptingTraits (0ms)
			SetupTypeCache (339ms)
			ReleaseScriptCaches (0ms)
			RebuildScriptCaches (46ms)
			SetupLoadedEditorAssemblies (390ms)
				LogAssemblyErrors (0ms)
				InitializePlatformSupportModulesInManaged (5ms)
				SetLoadedEditorAssemblies (0ms)
				RefreshPlugins (1ms)
				BeforeProcessingInitializeOnLoad (84ms)
				ProcessInitializeOnLoadAttributes (290ms)
				ProcessInitializeOnLoadMethodAttributes (5ms)
				AfterProcessingInitializeOnLoad (5ms)
				EditorAssembliesLoaded (0ms)
			ExecutionOrderSort2 (0ms)
			AwakeInstancesAfterBackupRestoration (7ms)
Platform modules already initialized, skipping
========================================================================
Worker process is ready to serve import requests
Launched and connected shader compiler UnityShaderCompiler.exe after 0.05 seconds
Refreshing native plugins compatible for Editor in 0.54 ms, found 3 plugins.
Preloading 0 native plugins for Editor in 0.00 ms.
Unloading 2964 Unused Serialized files (Serialized files now loaded: 0)
System memory in use before: 109.0 MB.
System memory in use after: 109.2 MB.

Unloading 23 unused Assets to reduce memory usage. Loaded Objects now: 3411.
Total: 3.065200 ms (FindLiveObjects: 0.281400 ms CreateObjectMapping: 0.162000 ms MarkObjects: 2.494500 ms  DeleteObjects: 0.125800 ms)

AssetImportParameters requested are different than current active one (requested -> active):
  custom:framework-win-MediaFoundation: 216162199b28c13a410421893ffa2e32 -> 
  custom:video-decoder-ogg-theora: a1e56fd34408186e4bbccfd4996cb3dc -> 
  custom:container-muxer-webm: aa71ff27fc2769a1b78a27578f13a17b -> 
  custom:container-demuxer-webm: 4f35f7cbe854078d1ac9338744f61a02 -> 
  custom:container-demuxer-ogg: 62fdf1f143b41e24485cea50d1cbac27 -> 
  custom:video-encoder-webm-vp8: eb34c28f22e8b96e1ab97ce403110664 -> 
  custom:video-codec-MediaFoundation-h265: 746d11721c4dcdbdad8f713fa42b33f4 -> 
  custom:video-decoder-webm-vp8: 9c59270c3fd7afecdb556c50c9e8de78 -> 
  custom:audio-decoder-ogg-vorbis: bf7c407c2cedff20999df2af8eb42d56 -> 
  custom:audio-encoder-webm-vorbis: bf7c407c2cedff20999df2af8eb42d56 -> 
========================================================================
Received Import Request.
  path: Assets/Scenes/LookAt/LookAt
  artifactKey: Guid(208056b067b9fcd4990deb6c04c04d65) Importer(815301076,1909f56bfc062723c751e8b465ee728b)
Start importing Assets/Scenes/LookAt/LookAt using Guid(208056b067b9fcd4990deb6c04c04d65) Importer(815301076,1909f56bfc062723c751e8b465ee728b)  -> (artifact id: '45026b72252513b1a247f151fb115397') in 0.016654 seconds 
========================================================================
Received Import Request.
  Time since last request: 0.000368 seconds.
  path: Assets/Scenes/LookAt/LookAt.unity
  artifactKey: Guid(ade7ba2d0e04a054ab0b0723272e08cb) Importer(815301076,1909f56bfc062723c751e8b465ee728b)
Start importing Assets/Scenes/LookAt/LookAt.unity using Guid(ade7ba2d0e04a054ab0b0723272e08cb) Importer(815301076,1909f56bfc062723c751e8b465ee728b)  -> (artifact id: 'b917a4eee0dbc35b82c1fc3b11ecdb57') in 0.032253 seconds 
========================================================================
Received Import Request.
  Time since last request: 0.000258 seconds.
  path: Assets/Scenes/LookAt/LookAt/LightingData.asset
  artifactKey: Guid(9eb3b2c208d781f4f816cc3a3771b50c) Importer(815301076,1909f56bfc062723c751e8b465ee728b)
Start importing Assets/Scenes/LookAt/LookAt/LightingData.asset using Guid(9eb3b2c208d781f4f816cc3a3771b50c) Importer(815301076,1909f56bfc062723c751e8b465ee728b)  -> (artifact id: '772642cd4b424377524ce8da6d7ce632') in 0.034526 seconds 
========================================================================
Received Import Request.
  Time since last request: 0.000275 seconds.
  path: Assets/Scenes/LookAt/LookAt/ReflectionProbe-0.exr
  artifactKey: Guid(62798ae4518c2244b8078e17690982a5) Importer(815301076,1909f56bfc062723c751e8b465ee728b)
Start importing Assets/Scenes/LookAt/LookAt/ReflectionProbe-0.exr using Guid(62798ae4518c2244b8078e17690982a5) Importer(815301076,1909f56bfc062723c751e8b465ee728b)  -> (artifact id: '09aab76f3b70aaaa8fb562320ad1d7ee') in 0.122584 seconds 
========================================================================
Received Import Request.
  Time since last request: 95.490606 seconds.
  path: Assets/Scenes/Personajes/CambioPersonaje.cs
  artifactKey: Guid(13352332d37a2b148afedcf9fa8a41ac) Importer(815301076,1909f56bfc062723c751e8b465ee728b)
Start importing Assets/Scenes/Personajes/CambioPersonaje.cs using Guid(13352332d37a2b148afedcf9fa8a41ac) Importer(815301076,1909f56bfc062723c751e8b465ee728b)  -> (artifact id: '0fb47205220c647a28d744abcd4b53dc') in 0.023458 seconds 
========================================================================
Received Import Request.
  Time since last request: 35.391637 seconds.
  path: Assets/Scenes/SelectPlayer y Dialogos
  artifactKey: Guid(db0cb3dd9505264409dc99a471d2da99) Importer(815301076,1909f56bfc062723c751e8b465ee728b)
Start importing Assets/Scenes/SelectPlayer y Dialogos using Guid(db0cb3dd9505264409dc99a471d2da99) Importer(815301076,1909f56bfc062723c751e8b465ee728b)  -> (artifact id: 'ea5b9c8eef8a05b3d2b1193b1e8a9dd4') in 0.033317 seconds 
========================================================================
Received Prepare
Registering precompiled user dll's ...
Registered in 0.023620 seconds.
Begin MonoManager ReloadAssembly
Symbol file LoadedFromMemory doesn't match image D:\SEPTIMO SEMESTRE\DESARROLLO DE ENTORNOS DE REALIDAD VIRTUAL\DERV_UNIDAD2\Library\PackageCache\com.unity.visualscripting@1.6.1\Editor\VisualScripting.Core\Dependencies\YamlDotNet\Unity.VisualScripting.YamlDotNet.dll
Symbol file LoadedFromMemory doesn't match image D:\SEPTIMO SEMESTRE\DESARROLLO DE ENTORNOS DE REALIDAD VIRTUAL\DERV_UNIDAD2\Library\PackageCache\com.unity.visualscripting@1.6.1\Editor\VisualScripting.Core\Dependencies\DotNetZip\Unity.VisualScripting.IonicZip.dll
Native extension for WindowsStandalone target not found
Refreshing native plugins compatible for Editor in 0.50 ms, found 3 plugins.
Preloading 0 native plugins for Editor in 0.00 ms.
Mono: successfully reloaded assembly
- Completed reload, in  1.789 seconds
Domain Reload Profiling:
	ReloadAssembly (1789ms)
		BeginReloadAssembly (104ms)
			ExecutionOrderSort (0ms)
			DisableScriptedObjects (6ms)
			BackupInstance (0ms)
			ReleaseScriptingObjects (0ms)
			CreateAndSetChildDomain (34ms)
		EndReloadAssembly (1626ms)
			LoadAssemblies (76ms)
			RebuildTransferFunctionScriptingTraits (0ms)
			SetupTypeCache (307ms)
			ReleaseScriptCaches (1ms)
			RebuildScriptCaches (36ms)
			SetupLoadedEditorAssemblies (326ms)
				LogAssemblyErrors (0ms)
				InitializePlatformSupportModulesInManaged (4ms)
				SetLoadedEditorAssemblies (0ms)
				RefreshPlugins (1ms)
				BeforeProcessingInitializeOnLoad (60ms)
				ProcessInitializeOnLoadAttributes (245ms)
				ProcessInitializeOnLoadMethodAttributes (7ms)
				AfterProcessingInitializeOnLoad (8ms)
				EditorAssembliesLoaded (0ms)
			ExecutionOrderSort2 (0ms)
			AwakeInstancesAfterBackupRestoration (20ms)
Platform modules already initialized, skipping
Refreshing native plugins compatible for Editor in 0.57 ms, found 3 plugins.
Preloading 0 native plugins for Editor in 0.00 ms.
Unloading 2947 Unused Serialized files (Serialized files now loaded: 0)
System memory in use before: 112.2 MB.
System memory in use after: 112.4 MB.

Unloading 18 unused Assets to reduce memory usage. Loaded Objects now: 3461.
Total: 2.361600 ms (FindLiveObjects: 0.246400 ms CreateObjectMapping: 0.104800 ms MarkObjects: 1.935400 ms  DeleteObjects: 0.073100 ms)

AssetImportParameters requested are different than current active one (requested -> active):
  custom:framework-win-MediaFoundation: 216162199b28c13a410421893ffa2e32 -> 
  custom:video-decoder-ogg-theora: a1e56fd34408186e4bbccfd4996cb3dc -> 
  custom:container-muxer-webm: aa71ff27fc2769a1b78a27578f13a17b -> 
  custom:container-demuxer-webm: 4f35f7cbe854078d1ac9338744f61a02 -> 
  custom:container-demuxer-ogg: 62fdf1f143b41e24485cea50d1cbac27 -> 
  custom:video-encoder-webm-vp8: eb34c28f22e8b96e1ab97ce403110664 -> 
  custom:video-codec-MediaFoundation-h265: 746d11721c4dcdbdad8f713fa42b33f4 -> 
  custom:video-decoder-webm-vp8: 9c59270c3fd7afecdb556c50c9e8de78 -> 
  custom:audio-decoder-ogg-vorbis: bf7c407c2cedff20999df2af8eb42d56 -> 
  custom:audio-encoder-webm-vorbis: bf7c407c2cedff20999df2af8eb42d56 -> 
========================================================================
Received Import Request.
  Time since last request: 19.716771 seconds.
  path: Assets/Scenes/1 LookAt
  artifactKey: Guid(029652a710b2f6b4baac7a40727aa54b) Importer(815301076,1909f56bfc062723c751e8b465ee728b)
Start importing Assets/Scenes/1 LookAt using Guid(029652a710b2f6b4baac7a40727aa54b) Importer(815301076,1909f56bfc062723c751e8b465ee728b)  -> (artifact id: '5480a957215580fe72ab151b82c93b69') in 0.030886 seconds 
========================================================================
Received Prepare
Registering precompiled user dll's ...
Registered in 0.003224 seconds.
Begin MonoManager ReloadAssembly
Symbol file LoadedFromMemory doesn't match image D:\SEPTIMO SEMESTRE\DESARROLLO DE ENTORNOS DE REALIDAD VIRTUAL\DERV_UNIDAD2\Library\PackageCache\com.unity.visualscripting@1.6.1\Editor\VisualScripting.Core\Dependencies\YamlDotNet\Unity.VisualScripting.YamlDotNet.dll
Symbol file LoadedFromMemory doesn't match image D:\SEPTIMO SEMESTRE\DESARROLLO DE ENTORNOS DE REALIDAD VIRTUAL\DERV_UNIDAD2\Library\PackageCache\com.unity.visualscripting@1.6.1\Editor\VisualScripting.Core\Dependencies\DotNetZip\Unity.VisualScripting.IonicZip.dll
Native extension for WindowsStandalone target not found
Refreshing native plugins compatible for Editor in 0.58 ms, found 3 plugins.
Preloading 0 native plugins for Editor in 0.00 ms.
Mono: successfully reloaded assembly
- Completed reload, in  1.229 seconds
Domain Reload Profiling:
	ReloadAssembly (1229ms)
		BeginReloadAssembly (106ms)
			ExecutionOrderSort (0ms)
			DisableScriptedObjects (6ms)
			BackupInstance (0ms)
			ReleaseScriptingObjects (0ms)
			CreateAndSetChildDomain (35ms)
		EndReloadAssembly (1049ms)
			LoadAssemblies (101ms)
			RebuildTransferFunctionScriptingTraits (0ms)
			SetupTypeCache (426ms)
			ReleaseScriptCaches (1ms)
			RebuildScriptCaches (49ms)
			SetupLoadedEditorAssemblies (332ms)
				LogAssemblyErrors (0ms)
				InitializePlatformSupportModulesInManaged (6ms)
				SetLoadedEditorAssemblies (0ms)
				RefreshPlugins (1ms)
				BeforeProcessingInitializeOnLoad (73ms)
				ProcessInitializeOnLoadAttributes (240ms)
				ProcessInitializeOnLoadMethodAttributes (5ms)
				AfterProcessingInitializeOnLoad (6ms)
				EditorAssembliesLoaded (0ms)
			ExecutionOrderSort2 (0ms)
			AwakeInstancesAfterBackupRestoration (17ms)
Platform modules already initialized, skipping
Refreshing native plugins compatible for Editor in 0.96 ms, found 3 plugins.
Preloading 0 native plugins for Editor in 0.00 ms.
Unloading 2946 Unused Serialized files (Serialized files now loaded: 0)
System memory in use before: 112.2 MB.
System memory in use after: 112.4 MB.

Unloading 18 unused Assets to reduce memory usage. Loaded Objects now: 3464.
Total: 4.063700 ms (FindLiveObjects: 0.435400 ms CreateObjectMapping: 0.230400 ms MarkObjects: 3.205100 ms  DeleteObjects: 0.190400 ms)

AssetImportParameters requested are different than current active one (requested -> active):
  custom:framework-win-MediaFoundation: 216162199b28c13a410421893ffa2e32 -> 
  custom:video-decoder-ogg-theora: a1e56fd34408186e4bbccfd4996cb3dc -> 
  custom:container-muxer-webm: aa71ff27fc2769a1b78a27578f13a17b -> 
  custom:container-demuxer-webm: 4f35f7cbe854078d1ac9338744f61a02 -> 
  custom:container-demuxer-ogg: 62fdf1f143b41e24485cea50d1cbac27 -> 
  custom:video-encoder-webm-vp8: eb34c28f22e8b96e1ab97ce403110664 -> 
  custom:video-codec-MediaFoundation-h265: 746d11721c4dcdbdad8f713fa42b33f4 -> 
  custom:video-decoder-webm-vp8: 9c59270c3fd7afecdb556c50c9e8de78 -> 
  custom:audio-decoder-ogg-vorbis: bf7c407c2cedff20999df2af8eb42d56 -> 
  custom:audio-encoder-webm-vorbis: bf7c407c2cedff20999df2af8eb42d56 -> 
========================================================================
Received Import Request.
  Time since last request: 4.705515 seconds.
  path: Assets/Scenes/2 Gizmos
  artifactKey: Guid(0bcb9ac8141e72d4a83f2a34922d628c) Importer(815301076,1909f56bfc062723c751e8b465ee728b)
Start importing Assets/Scenes/2 Gizmos using Guid(0bcb9ac8141e72d4a83f2a34922d628c) Importer(815301076,1909f56bfc062723c751e8b465ee728b)  -> (artifact id: '502cde1e05b31e6395518468f9a30287') in 0.016201 seconds 
========================================================================
Received Import Request.
  Time since last request: 8.909303 seconds.
  path: Assets/Scenes/3 SelectPlayer y Dialogos
  artifactKey: Guid(db0cb3dd9505264409dc99a471d2da99) Importer(815301076,1909f56bfc062723c751e8b465ee728b)
Start importing Assets/Scenes/3 SelectPlayer y Dialogos using Guid(db0cb3dd9505264409dc99a471d2da99) Importer(815301076,1909f56bfc062723c751e8b465ee728b)  -> (artifact id: '6fd420378ce7d9c46d0a2fb40bb192ec') in 0.013848 seconds 
========================================================================
Received Prepare
Registering precompiled user dll's ...
Registered in 0.003376 seconds.
Begin MonoManager ReloadAssembly
Symbol file LoadedFromMemory doesn't match image D:\SEPTIMO SEMESTRE\DESARROLLO DE ENTORNOS DE REALIDAD VIRTUAL\DERV_UNIDAD2\Library\PackageCache\com.unity.visualscripting@1.6.1\Editor\VisualScripting.Core\Dependencies\YamlDotNet\Unity.VisualScripting.YamlDotNet.dll
Symbol file LoadedFromMemory doesn't match image D:\SEPTIMO SEMESTRE\DESARROLLO DE ENTORNOS DE REALIDAD VIRTUAL\DERV_UNIDAD2\Library\PackageCache\com.unity.visualscripting@1.6.1\Editor\VisualScripting.Core\Dependencies\DotNetZip\Unity.VisualScripting.IonicZip.dll
Native extension for WindowsStandalone target not found
Refreshing native plugins compatible for Editor in 0.55 ms, found 3 plugins.
Preloading 0 native plugins for Editor in 0.00 ms.
Mono: successfully reloaded assembly
- Completed reload, in  1.149 seconds
Domain Reload Profiling:
	ReloadAssembly (1149ms)
		BeginReloadAssembly (133ms)
			ExecutionOrderSort (0ms)
			DisableScriptedObjects (6ms)
			BackupInstance (0ms)
			ReleaseScriptingObjects (0ms)
			CreateAndSetChildDomain (36ms)
		EndReloadAssembly (956ms)
			LoadAssemblies (93ms)
			RebuildTransferFunctionScriptingTraits (0ms)
			SetupTypeCache (367ms)
			ReleaseScriptCaches (1ms)
			RebuildScriptCaches (52ms)
			SetupLoadedEditorAssemblies (312ms)
				LogAssemblyErrors (0ms)
				InitializePlatformSupportModulesInManaged (5ms)
				SetLoadedEditorAssemblies (0ms)
				RefreshPlugins (1ms)
				BeforeProcessingInitializeOnLoad (51ms)
				ProcessInitializeOnLoadAttributes (244ms)
				ProcessInitializeOnLoadMethodAttributes (5ms)
				AfterProcessingInitializeOnLoad (5ms)
				EditorAssembliesLoaded (0ms)
			ExecutionOrderSort2 (0ms)
			AwakeInstancesAfterBackupRestoration (15ms)
Platform modules already initialized, skipping
Refreshing native plugins compatible for Editor in 0.79 ms, found 3 plugins.
Preloading 0 native plugins for Editor in 0.00 ms.
Unloading 2946 Unused Serialized files (Serialized files now loaded: 0)
System memory in use before: 112.2 MB.
System memory in use after: 112.4 MB.

Unloading 18 unused Assets to reduce memory usage. Loaded Objects now: 3467.
Total: 3.199500 ms (FindLiveObjects: 0.271400 ms CreateObjectMapping: 0.113600 ms MarkObjects: 2.735500 ms  DeleteObjects: 0.076900 ms)

AssetImportParameters requested are different than current active one (requested -> active):
  custom:framework-win-MediaFoundation: 216162199b28c13a410421893ffa2e32 -> 
  custom:video-decoder-ogg-theora: a1e56fd34408186e4bbccfd4996cb3dc -> 
  custom:container-muxer-webm: aa71ff27fc2769a1b78a27578f13a17b -> 
  custom:container-demuxer-webm: 4f35f7cbe854078d1ac9338744f61a02 -> 
  custom:container-demuxer-ogg: 62fdf1f143b41e24485cea50d1cbac27 -> 
  custom:video-encoder-webm-vp8: eb34c28f22e8b96e1ab97ce403110664 -> 
  custom:video-codec-MediaFoundation-h265: 746d11721c4dcdbdad8f713fa42b33f4 -> 
  custom:video-decoder-webm-vp8: 9c59270c3fd7afecdb556c50c9e8de78 -> 
  custom:audio-decoder-ogg-vorbis: bf7c407c2cedff20999df2af8eb42d56 -> 
  custom:audio-encoder-webm-vorbis: bf7c407c2cedff20999df2af8eb42d56 -> 
========================================================================
Received Import Request.
  Time since last request: 311.097256 seconds.
  path: Assets/TextMesh Pro
  artifactKey: Guid(f54d1bd14bd3ca042bd867b519fee8cc) Importer(815301076,1909f56bfc062723c751e8b465ee728b)
Start importing Assets/TextMesh Pro using Guid(f54d1bd14bd3ca042bd867b519fee8cc) Importer(815301076,1909f56bfc062723c751e8b465ee728b)  -> (artifact id: '16b4cbde9565bf190136f1148817e1ea') in 0.144863 seconds 
========================================================================
Received Import Request.
  Time since last request: 196.993678 seconds.
  path: Assets/Scenes 1
  artifactKey: Guid(5be820e9e23c99c499912e04faeeefc3) Importer(815301076,1909f56bfc062723c751e8b465ee728b)
Start importing Assets/Scenes 1 using Guid(5be820e9e23c99c499912e04faeeefc3) Importer(815301076,1909f56bfc062723c751e8b465ee728b)  -> (artifact id: '79879b2d8dff9a1ccf0981f618fb36bc') in 0.124210 seconds 
========================================================================
Received Import Request.
  Time since last request: 1.099173 seconds.
  path: Assets/Scenes 1/SampleScene.unity
  artifactKey: Guid(973922190a2897540bb854dca2fcd00b) Importer(815301076,1909f56bfc062723c751e8b465ee728b)
Start importing Assets/Scenes 1/SampleScene.unity using Guid(973922190a2897540bb854dca2fcd00b) Importer(815301076,1909f56bfc062723c751e8b465ee728b)  -> (artifact id: 'bd007ece7ac475eb8d47845c4ccdb73c') in 0.225452 seconds 
========================================================================
Received Import Request.
  Time since last request: 32.533453 seconds.
  path: Assets/5 InteraccionUsuario
  artifactKey: Guid(5be820e9e23c99c499912e04faeeefc3) Importer(815301076,1909f56bfc062723c751e8b465ee728b)
Start importing Assets/5 InteraccionUsuario using Guid(5be820e9e23c99c499912e04faeeefc3) Importer(815301076,1909f56bfc062723c751e8b465ee728b)  -> (artifact id: 'e6511ca26da34092e36f09979fd4259d') in 0.013831 seconds 
========================================================================
Received Import Request.
  Time since last request: 31.957789 seconds.
  path: Assets/Scenes/4 InteraccionUsuario
  artifactKey: Guid(5be820e9e23c99c499912e04faeeefc3) Importer(815301076,1909f56bfc062723c751e8b465ee728b)
Start importing Assets/Scenes/4 InteraccionUsuario using Guid(5be820e9e23c99c499912e04faeeefc3) Importer(815301076,1909f56bfc062723c751e8b465ee728b)  -> (artifact id: 'cfd5da9274a7a73dc3c9f17b5c610cc5') in 0.009596 seconds 
========================================================================
Received Import Request.
  Time since last request: 4.752220 seconds.
  path: Assets/Scripts 1
  artifactKey: Guid(b4fbeca3b3a491f4cbc33b432192329a) Importer(815301076,1909f56bfc062723c751e8b465ee728b)
Start importing Assets/Scripts 1 using Guid(b4fbeca3b3a491f4cbc33b432192329a) Importer(815301076,1909f56bfc062723c751e8b465ee728b)  -> (artifact id: 'fcfb68eb527f4580e42b194c98fc6cb6') in 0.017421 seconds 
========================================================================
Received Import Request.
  Time since last request: 4.158169 seconds.
  path: Assets/Scripts 1/MovimientoMalcolm.cs
  artifactKey: Guid(f58f274adde95a449bc2cdeaecbe6624) Importer(815301076,1909f56bfc062723c751e8b465ee728b)
Start importing Assets/Scripts 1/MovimientoMalcolm.cs using Guid(f58f274adde95a449bc2cdeaecbe6624) Importer(815301076,1909f56bfc062723c751e8b465ee728b)  -> (artifact id: 'd2232ccdae4f33221519d4828cda481d') in 0.013590 seconds 
========================================================================
Received Import Request.
  Time since last request: 0.474138 seconds.
  path: Assets/Scripts 1/MovimientoCamara.cs
  artifactKey: Guid(8dbad95044dbdc044a732e73245eec41) Importer(815301076,1909f56bfc062723c751e8b465ee728b)
Start importing Assets/Scripts 1/MovimientoCamara.cs using Guid(8dbad95044dbdc044a732e73245eec41) Importer(815301076,1909f56bfc062723c751e8b465ee728b)  -> (artifact id: '3f4e896d5fb444fec54e13f62c6f99c7') in 0.013925 seconds 
========================================================================
Received Import Request.
  Time since last request: 0.175051 seconds.
  path: Assets/Scripts 1/ManejoCanvas.cs
  artifactKey: Guid(87a0d2cb4e23eba4bbc4b0ba9698eafd) Importer(815301076,1909f56bfc062723c751e8b465ee728b)
Start importing Assets/Scripts 1/ManejoCanvas.cs using Guid(87a0d2cb4e23eba4bbc4b0ba9698eafd) Importer(815301076,1909f56bfc062723c751e8b465ee728b)  -> (artifact id: '1b88f3fb9f70e285e3d44e5edc71d75f') in 0.111155 seconds 
========================================================================
Received Import Request.
  Time since last request: 0.967681 seconds.
  path: Assets/Scripts 1/Detectar_LA.cs
  artifactKey: Guid(ba0d167d4e7b2a64dbbce6acc5f6e448) Importer(815301076,1909f56bfc062723c751e8b465ee728b)
Start importing Assets/Scripts 1/Detectar_LA.cs using Guid(ba0d167d4e7b2a64dbbce6acc5f6e448) Importer(815301076,1909f56bfc062723c751e8b465ee728b)  -> (artifact id: '43f1d2cbe44797ecc95b2a40fa56361c') in 0.013726 seconds 
========================================================================
Received Import Request.
  Time since last request: 60.365868 seconds.
  path: Assets/Scripts/Look_At.cs
  artifactKey: Guid(b339cab9e757ddb439e98890c736ed71) Importer(815301076,1909f56bfc062723c751e8b465ee728b)
Start importing Assets/Scripts/Look_At.cs using Guid(b339cab9e757ddb439e98890c736ed71) Importer(815301076,1909f56bfc062723c751e8b465ee728b)  -> (artifact id: '7700cf266474b502bd4b3cafc83ff8ea') in 0.009928 seconds 
========================================================================
Received Import Request.
  Time since last request: 51.838270 seconds.
  path: Assets/Scripts/LookAt.cs
  artifactKey: Guid(b339cab9e757ddb439e98890c736ed71) Importer(815301076,1909f56bfc062723c751e8b465ee728b)
Start importing Assets/Scripts/LookAt.cs using Guid(b339cab9e757ddb439e98890c736ed71) Importer(815301076,1909f56bfc062723c751e8b465ee728b)  -> (artifact id: '6556cc1c37e6d0341b412495fe9e82de') in 0.015166 seconds 
========================================================================
Received Import Request.
  Time since last request: 35.058131 seconds.
  path: Assets/Prefabs 1
  artifactKey: Guid(fa6d6de972db9534b8f13461b4c07143) Importer(815301076,1909f56bfc062723c751e8b465ee728b)
Start importing Assets/Prefabs 1 using Guid(fa6d6de972db9534b8f13461b4c07143) Importer(815301076,1909f56bfc062723c751e8b465ee728b)  -> (artifact id: '06d0c7372262b77b391be78ed27b204a') in 0.009782 seconds 
========================================================================
Received Import Request.
  Time since last request: 0.002230 seconds.
  path: Assets/Prefabs 1/New Terrain.asset
  artifactKey: Guid(42f81ccdc352e8a448dbcb0c9b43a537) Importer(815301076,1909f56bfc062723c751e8b465ee728b)
Start importing Assets/Prefabs 1/New Terrain.asset using Guid(42f81ccdc352e8a448dbcb0c9b43a537) Importer(815301076,1909f56bfc062723c751e8b465ee728b)  -> (artifact id: 'a06fd43a498b9715eeca151c40d4349c') in 1.240585 seconds 
========================================================================
Received Import Request.
  Time since last request: 0.000774 seconds.
  path: Assets/Prefabs 1/Terreno.prefab
  artifactKey: Guid(c09f34af7106f2e4db5d3f9959a55cbd) Importer(815301076,1909f56bfc062723c751e8b465ee728b)
Start importing Assets/Prefabs 1/Terreno.prefab using Guid(c09f34af7106f2e4db5d3f9959a55cbd) Importer(815301076,1909f56bfc062723c751e8b465ee728b)  -> (artifact id: 'ecea19d1d1ac1c7400d8a1b88fa1f1a5') in 0.081889 seconds 
========================================================================
Received Import Request.
  Time since last request: 12.602195 seconds.
  path: Assets/Scripts/Look_At.cs
  artifactKey: Guid(fd88cb6ddaaa5dc4c96b90978bcc9f0b) Importer(815301076,1909f56bfc062723c751e8b465ee728b)
Start importing Assets/Scripts/Look_At.cs using Guid(fd88cb6ddaaa5dc4c96b90978bcc9f0b) Importer(815301076,1909f56bfc062723c751e8b465ee728b)  -> (artifact id: '134de7af4ffe3bcdaa03e236c2cac93c') in 0.004485 seconds 
========================================================================
Received Prepare
Registering precompiled user dll's ...
Registered in 0.156809 seconds.
Begin MonoManager ReloadAssembly
Symbol file LoadedFromMemory doesn't match image D:\SEPTIMO SEMESTRE\DESARROLLO DE ENTORNOS DE REALIDAD VIRTUAL\DERV_UNIDAD2\Library\PackageCache\com.unity.visualscripting@1.6.1\Editor\VisualScripting.Core\Dependencies\YamlDotNet\Unity.VisualScripting.YamlDotNet.dll
Symbol file LoadedFromMemory doesn't match image D:\SEPTIMO SEMESTRE\DESARROLLO DE ENTORNOS DE REALIDAD VIRTUAL\DERV_UNIDAD2\Library\PackageCache\com.unity.visualscripting@1.6.1\Editor\VisualScripting.Core\Dependencies\DotNetZip\Unity.VisualScripting.IonicZip.dll
Native extension for WindowsStandalone target not found
Refreshing native plugins compatible for Editor in 0.69 ms, found 3 plugins.
Preloading 0 native plugins for Editor in 0.00 ms.
[ScriptCompilation] NOT recompiling all scripts because this is an import worker process. Reason to compile was: Define symbols changed
PlayerSettings Validation: Requested build target group (20) doesn't exist; #define symbols for scripting won't be added.
UnityEngine.StackTraceUtility:ExtractStackTrace ()
UnityEditor.PlayerSettings:SetScriptingDefineSymbolsForGroup (UnityEditor.BuildTargetGroup,string)
UnityStandardAssets.CrossPlatformInput.Inspector.CrossPlatformInitialize:SetEnabled (string,bool,bool) (at Assets/Standard Assets/Editor/CrossPlatformInput/CrossPlatformInputInitialize.cs:127)
UnityStandardAssets.CrossPlatformInput.Inspector.CrossPlatformInitialize:.cctor () (at Assets/Standard Assets/Editor/CrossPlatformInput/CrossPlatformInputInitialize.cs:22)
System.Runtime.CompilerServices.RuntimeHelpers:RunClassConstructor (System.RuntimeTypeHandle)
UnityEditor.EditorAssemblies:ProcessInitializeOnLoadAttributes (System.Type[])

[Assets/Standard Assets/Editor/CrossPlatformInput/CrossPlatformInputInitialize.cs line 127]

PlayerSettings Validation: Requested build target group (17) doesn't exist; #define symbols for scripting won't be added.
UnityEngine.StackTraceUtility:ExtractStackTrace ()
UnityEditor.PlayerSettings:SetScriptingDefineSymbolsForGroup (UnityEditor.BuildTargetGroup,string)
UnityStandardAssets.CrossPlatformInput.Inspector.CrossPlatformInitialize:SetEnabled (string,bool,bool) (at Assets/Standard Assets/Editor/CrossPlatformInput/CrossPlatformInputInitialize.cs:127)
UnityStandardAssets.CrossPlatformInput.Inspector.CrossPlatformInitialize:.cctor () (at Assets/Standard Assets/Editor/CrossPlatformInput/CrossPlatformInputInitialize.cs:22)
System.Runtime.CompilerServices.RuntimeHelpers:RunClassConstructor (System.RuntimeTypeHandle)
UnityEditor.EditorAssemblies:ProcessInitializeOnLoadAttributes (System.Type[])

[Assets/Standard Assets/Editor/CrossPlatformInput/CrossPlatformInputInitialize.cs line 127]

Mono: successfully reloaded assembly
- Completed reload, in  2.113 seconds
Domain Reload Profiling:
	ReloadAssembly (2115ms)
		BeginReloadAssembly (510ms)
			ExecutionOrderSort (0ms)
			DisableScriptedObjects (34ms)
			BackupInstance (0ms)
			ReleaseScriptingObjects (0ms)
			CreateAndSetChildDomain (335ms)
		EndReloadAssembly (1491ms)
			LoadAssemblies (162ms)
			RebuildTransferFunctionScriptingTraits (0ms)
			SetupTypeCache (533ms)
			ReleaseScriptCaches (1ms)
			RebuildScriptCaches (56ms)
			SetupLoadedEditorAssemblies (481ms)
				LogAssemblyErrors (0ms)
				InitializePlatformSupportModulesInManaged (7ms)
				SetLoadedEditorAssemblies (1ms)
				RefreshPlugins (1ms)
				BeforeProcessingInitializeOnLoad (78ms)
				ProcessInitializeOnLoadAttributes (377ms)
				ProcessInitializeOnLoadMethodAttributes (7ms)
				AfterProcessingInitializeOnLoad (9ms)
				EditorAssembliesLoaded (1ms)
			ExecutionOrderSort2 (0ms)
			AwakeInstancesAfterBackupRestoration (28ms)
Platform modules already initialized, skipping
Refreshing native plugins compatible for Editor in 1.11 ms, found 3 plugins.
Preloading 0 native plugins for Editor in 0.00 ms.
Unloading 3062 Unused Serialized files (Serialized files now loaded: 0)
System memory in use before: 143.4 MB.
System memory in use after: 126.3 MB.

Unloading 41 unused Assets to reduce memory usage. Loaded Objects now: 3582.
Total: 6.534200 ms (FindLiveObjects: 0.496500 ms CreateObjectMapping: 0.235400 ms MarkObjects: 4.542100 ms  DeleteObjects: 1.257700 ms)

AssetImportParameters requested are different than current active one (requested -> active):
  custom:framework-win-MediaFoundation: 216162199b28c13a410421893ffa2e32 -> 
  custom:video-decoder-ogg-theora: a1e56fd34408186e4bbccfd4996cb3dc -> 
  custom:container-muxer-webm: aa71ff27fc2769a1b78a27578f13a17b -> 
  custom:container-demuxer-webm: 4f35f7cbe854078d1ac9338744f61a02 -> 
  custom:container-demuxer-ogg: 62fdf1f143b41e24485cea50d1cbac27 -> 
  custom:video-encoder-webm-vp8: eb34c28f22e8b96e1ab97ce403110664 -> 
  custom:video-codec-MediaFoundation-h265: 746d11721c4dcdbdad8f713fa42b33f4 -> 
  custom:video-decoder-webm-vp8: 9c59270c3fd7afecdb556c50c9e8de78 -> 
  custom:audio-decoder-ogg-vorbis: bf7c407c2cedff20999df2af8eb42d56 -> 
  custom:audio-encoder-webm-vorbis: bf7c407c2cedff20999df2af8eb42d56 -> 
========================================================================
Received Import Request.
  Time since last request: 78.424060 seconds.
  path: Assets/Scripts/LookAt.cs
  artifactKey: Guid(b339cab9e757ddb439e98890c736ed71) Importer(815301076,1909f56bfc062723c751e8b465ee728b)
Start importing Assets/Scripts/LookAt.cs using Guid(b339cab9e757ddb439e98890c736ed71) Importer(815301076,1909f56bfc062723c751e8b465ee728b)  -> (artifact id: '30c086b747ba21e300aaaa1f4254fe96') in 0.017622 seconds 
========================================================================
Received Prepare
Registering precompiled user dll's ...
Registered in 0.277035 seconds.
Begin MonoManager ReloadAssembly
Symbol file LoadedFromMemory doesn't match image D:\SEPTIMO SEMESTRE\DESARROLLO DE ENTORNOS DE REALIDAD VIRTUAL\DERV_UNIDAD2\Library\PackageCache\com.unity.visualscripting@1.6.1\Editor\VisualScripting.Core\Dependencies\YamlDotNet\Unity.VisualScripting.YamlDotNet.dll
Symbol file LoadedFromMemory doesn't match image D:\SEPTIMO SEMESTRE\DESARROLLO DE ENTORNOS DE REALIDAD VIRTUAL\DERV_UNIDAD2\Library\PackageCache\com.unity.visualscripting@1.6.1\Editor\VisualScripting.Core\Dependencies\DotNetZip\Unity.VisualScripting.IonicZip.dll
Native extension for WindowsStandalone target not found
Refreshing native plugins compatible for Editor in 0.97 ms, found 3 plugins.
Preloading 0 native plugins for Editor in 0.00 ms.
[ScriptCompilation] NOT recompiling all scripts because this is an import worker process. Reason to compile was: Define symbols changed
PlayerSettings Validation: Requested build target group (20) doesn't exist; #define symbols for scripting won't be added.
UnityEngine.StackTraceUtility:ExtractStackTrace ()
UnityEditor.PlayerSettings:SetScriptingDefineSymbolsForGroup (UnityEditor.BuildTargetGroup,string)
UnityStandardAssets.CrossPlatformInput.Inspector.CrossPlatformInitialize:SetEnabled (string,bool,bool) (at Assets/Standard Assets/Editor/CrossPlatformInput/CrossPlatformInputInitialize.cs:127)
UnityStandardAssets.CrossPlatformInput.Inspector.CrossPlatformInitialize:.cctor () (at Assets/Standard Assets/Editor/CrossPlatformInput/CrossPlatformInputInitialize.cs:22)
System.Runtime.CompilerServices.RuntimeHelpers:RunClassConstructor (System.RuntimeTypeHandle)
UnityEditor.EditorAssemblies:ProcessInitializeOnLoadAttributes (System.Type[])

[Assets/Standard Assets/Editor/CrossPlatformInput/CrossPlatformInputInitialize.cs line 127]

PlayerSettings Validation: Requested build target group (17) doesn't exist; #define symbols for scripting won't be added.
UnityEngine.StackTraceUtility:ExtractStackTrace ()
UnityEditor.PlayerSettings:SetScriptingDefineSymbolsForGroup (UnityEditor.BuildTargetGroup,string)
UnityStandardAssets.CrossPlatformInput.Inspector.CrossPlatformInitialize:SetEnabled (string,bool,bool) (at Assets/Standard Assets/Editor/CrossPlatformInput/CrossPlatformInputInitialize.cs:127)
UnityStandardAssets.CrossPlatformInput.Inspector.CrossPlatformInitialize:.cctor () (at Assets/Standard Assets/Editor/CrossPlatformInput/CrossPlatformInputInitialize.cs:22)
System.Runtime.CompilerServices.RuntimeHelpers:RunClassConstructor (System.RuntimeTypeHandle)
UnityEditor.EditorAssemblies:ProcessInitializeOnLoadAttributes (System.Type[])

[Assets/Standard Assets/Editor/CrossPlatformInput/CrossPlatformInputInitialize.cs line 127]

Mono: successfully reloaded assembly
- Completed reload, in  3.032 seconds
Domain Reload Profiling:
	ReloadAssembly (3032ms)
		BeginReloadAssembly (161ms)
			ExecutionOrderSort (0ms)
			DisableScriptedObjects (11ms)
			BackupInstance (0ms)
			ReleaseScriptingObjects (0ms)
			CreateAndSetChildDomain (46ms)
		EndReloadAssembly (2783ms)
			LoadAssemblies (1489ms)
			RebuildTransferFunctionScriptingTraits (0ms)
			SetupTypeCache (533ms)
			ReleaseScriptCaches (2ms)
			RebuildScriptCaches (67ms)
			SetupLoadedEditorAssemblies (547ms)
				LogAssemblyErrors (0ms)
				InitializePlatformSupportModulesInManaged (8ms)
				SetLoadedEditorAssemblies (1ms)
				RefreshPlugins (1ms)
				BeforeProcessingInitializeOnLoad (74ms)
				ProcessInitializeOnLoadAttributes (452ms)
				ProcessInitializeOnLoadMethodAttributes (5ms)
				AfterProcessingInitializeOnLoad (6ms)
				EditorAssembliesLoaded (0ms)
			ExecutionOrderSort2 (0ms)
			AwakeInstancesAfterBackupRestoration (20ms)
Platform modules already initialized, skipping
Refreshing native plugins compatible for Editor in 0.87 ms, found 3 plugins.
Preloading 0 native plugins for Editor in 0.00 ms.
Unloading 3059 Unused Serialized files (Serialized files now loaded: 0)
System memory in use before: 143.2 MB.
System memory in use after: 126.1 MB.

Unloading 41 unused Assets to reduce memory usage. Loaded Objects now: 3585.
Total: 4.883700 ms (FindLiveObjects: 0.255200 ms CreateObjectMapping: 0.104000 ms MarkObjects: 3.191300 ms  DeleteObjects: 1.331400 ms)

AssetImportParameters requested are different than current active one (requested -> active):
  custom:framework-win-MediaFoundation: 216162199b28c13a410421893ffa2e32 -> 
  custom:video-decoder-ogg-theora: a1e56fd34408186e4bbccfd4996cb3dc -> 
  custom:container-muxer-webm: aa71ff27fc2769a1b78a27578f13a17b -> 
  custom:container-demuxer-webm: 4f35f7cbe854078d1ac9338744f61a02 -> 
  custom:container-demuxer-ogg: 62fdf1f143b41e24485cea50d1cbac27 -> 
  custom:video-encoder-webm-vp8: eb34c28f22e8b96e1ab97ce403110664 -> 
  custom:video-codec-MediaFoundation-h265: 746d11721c4dcdbdad8f713fa42b33f4 -> 
  custom:video-decoder-webm-vp8: 9c59270c3fd7afecdb556c50c9e8de78 -> 
  custom:audio-decoder-ogg-vorbis: bf7c407c2cedff20999df2af8eb42d56 -> 
  custom:audio-encoder-webm-vorbis: bf7c407c2cedff20999df2af8eb42d56 -> 
========================================================================
Received Import Request.
  Time since last request: 104.594081 seconds.
  path: Assets/Scripts/Look_At.cs
  artifactKey: Guid(b339cab9e757ddb439e98890c736ed71) Importer(815301076,1909f56bfc062723c751e8b465ee728b)
Start importing Assets/Scripts/Look_At.cs using Guid(b339cab9e757ddb439e98890c736ed71) Importer(815301076,1909f56bfc062723c751e8b465ee728b)  -> (artifact id: 'c28d0b9ce899285fe71527ee7055a4c0') in 0.021867 seconds 
========================================================================
Received Prepare
Registering precompiled user dll's ...
Registered in 0.004854 seconds.
Begin MonoManager ReloadAssembly
Symbol file LoadedFromMemory doesn't match image D:\SEPTIMO SEMESTRE\DESARROLLO DE ENTORNOS DE REALIDAD VIRTUAL\DERV_UNIDAD2\Library\PackageCache\com.unity.visualscripting@1.6.1\Editor\VisualScripting.Core\Dependencies\YamlDotNet\Unity.VisualScripting.YamlDotNet.dll
Symbol file LoadedFromMemory doesn't match image D:\SEPTIMO SEMESTRE\DESARROLLO DE ENTORNOS DE REALIDAD VIRTUAL\DERV_UNIDAD2\Library\PackageCache\com.unity.visualscripting@1.6.1\Editor\VisualScripting.Core\Dependencies\DotNetZip\Unity.VisualScripting.IonicZip.dll
Native extension for WindowsStandalone target not found
Refreshing native plugins compatible for Editor in 0.98 ms, found 3 plugins.
Preloading 0 native plugins for Editor in 0.00 ms.
[ScriptCompilation] NOT recompiling all scripts because this is an import worker process. Reason to compile was: Define symbols changed
PlayerSettings Validation: Requested build target group (20) doesn't exist; #define symbols for scripting won't be added.
UnityEngine.StackTraceUtility:ExtractStackTrace ()
UnityEditor.PlayerSettings:SetScriptingDefineSymbolsForGroup (UnityEditor.BuildTargetGroup,string)
UnityStandardAssets.CrossPlatformInput.Inspector.CrossPlatformInitialize:SetEnabled (string,bool,bool) (at Assets/Standard Assets/Editor/CrossPlatformInput/CrossPlatformInputInitialize.cs:127)
UnityStandardAssets.CrossPlatformInput.Inspector.CrossPlatformInitialize:.cctor () (at Assets/Standard Assets/Editor/CrossPlatformInput/CrossPlatformInputInitialize.cs:22)
System.Runtime.CompilerServices.RuntimeHelpers:RunClassConstructor (System.RuntimeTypeHandle)
UnityEditor.EditorAssemblies:ProcessInitializeOnLoadAttributes (System.Type[])

[Assets/Standard Assets/Editor/CrossPlatformInput/CrossPlatformInputInitialize.cs line 127]

PlayerSettings Validation: Requested build target group (17) doesn't exist; #define symbols for scripting won't be added.
UnityEngine.StackTraceUtility:ExtractStackTrace ()
UnityEditor.PlayerSettings:SetScriptingDefineSymbolsForGroup (UnityEditor.BuildTargetGroup,string)
UnityStandardAssets.CrossPlatformInput.Inspector.CrossPlatformInitialize:SetEnabled (string,bool,bool) (at Assets/Standard Assets/Editor/CrossPlatformInput/CrossPlatformInputInitialize.cs:127)
UnityStandardAssets.CrossPlatformInput.Inspector.CrossPlatformInitialize:.cctor () (at Assets/Standard Assets/Editor/CrossPlatformInput/CrossPlatformInputInitialize.cs:22)
System.Runtime.CompilerServices.RuntimeHelpers:RunClassConstructor (System.RuntimeTypeHandle)
UnityEditor.EditorAssemblies:ProcessInitializeOnLoadAttributes (System.Type[])

[Assets/Standard Assets/Editor/CrossPlatformInput/CrossPlatformInputInitialize.cs line 127]

Mono: successfully reloaded assembly
- Completed reload, in  1.519 seconds
Domain Reload Profiling:
	ReloadAssembly (1519ms)
		BeginReloadAssembly (144ms)
			ExecutionOrderSort (0ms)
			DisableScriptedObjects (8ms)
			BackupInstance (0ms)
			ReleaseScriptingObjects (0ms)
			CreateAndSetChildDomain (51ms)
		EndReloadAssembly (1281ms)
			LoadAssemblies (119ms)
			RebuildTransferFunctionScriptingTraits (0ms)
			SetupTypeCache (515ms)
			ReleaseScriptCaches (1ms)
			RebuildScriptCaches (60ms)
			SetupLoadedEditorAssemblies (436ms)
				LogAssemblyErrors (0ms)
				InitializePlatformSupportModulesInManaged (8ms)
				SetLoadedEditorAssemblies (2ms)
				RefreshPlugins (1ms)
				BeforeProcessingInitializeOnLoad (78ms)
				ProcessInitializeOnLoadAttributes (333ms)
				ProcessInitializeOnLoadMethodAttributes (8ms)
				AfterProcessingInitializeOnLoad (7ms)
				EditorAssembliesLoaded (0ms)
			ExecutionOrderSort2 (0ms)
			AwakeInstancesAfterBackupRestoration (19ms)
Platform modules already initialized, skipping
Refreshing native plugins compatible for Editor in 0.70 ms, found 3 plugins.
Preloading 0 native plugins for Editor in 0.00 ms.
Unloading 3059 Unused Serialized files (Serialized files now loaded: 0)
System memory in use before: 143.2 MB.
System memory in use after: 126.1 MB.

Unloading 41 unused Assets to reduce memory usage. Loaded Objects now: 3588.
Total: 5.172100 ms (FindLiveObjects: 0.243300 ms CreateObjectMapping: 0.116200 ms MarkObjects: 3.384100 ms  DeleteObjects: 1.426700 ms)

AssetImportParameters requested are different than current active one (requested -> active):
  custom:framework-win-MediaFoundation: 216162199b28c13a410421893ffa2e32 -> 
  custom:video-decoder-ogg-theora: a1e56fd34408186e4bbccfd4996cb3dc -> 
  custom:container-muxer-webm: aa71ff27fc2769a1b78a27578f13a17b -> 
  custom:container-demuxer-webm: 4f35f7cbe854078d1ac9338744f61a02 -> 
  custom:container-demuxer-ogg: 62fdf1f143b41e24485cea50d1cbac27 -> 
  custom:video-encoder-webm-vp8: eb34c28f22e8b96e1ab97ce403110664 -> 
  custom:video-codec-MediaFoundation-h265: 746d11721c4dcdbdad8f713fa42b33f4 -> 
  custom:video-decoder-webm-vp8: 9c59270c3fd7afecdb556c50c9e8de78 -> 
  custom:audio-decoder-ogg-vorbis: bf7c407c2cedff20999df2af8eb42d56 -> 
  custom:audio-encoder-webm-vorbis: bf7c407c2cedff20999df2af8eb42d56 -> 
========================================================================
Received Import Request.
  Time since last request: 36.384320 seconds.
  path: Assets/Scenes/1 LookAt/Look_At.cs
  artifactKey: Guid(395625ee1d11c9c48a70fdc93b6073b6) Importer(815301076,1909f56bfc062723c751e8b465ee728b)
Start importing Assets/Scenes/1 LookAt/Look_At.cs using Guid(395625ee1d11c9c48a70fdc93b6073b6) Importer(815301076,1909f56bfc062723c751e8b465ee728b)  -> (artifact id: 'f759dd9b83cd657c2614b156c86d396c') in 0.015383 seconds 
========================================================================
Received Import Request.
  Time since last request: 4.056256 seconds.
  path: Assets/Scenes/1 LookAt/LookAt.cs
  artifactKey: Guid(395625ee1d11c9c48a70fdc93b6073b6) Importer(815301076,1909f56bfc062723c751e8b465ee728b)
Start importing Assets/Scenes/1 LookAt/LookAt.cs using Guid(395625ee1d11c9c48a70fdc93b6073b6) Importer(815301076,1909f56bfc062723c751e8b465ee728b)  -> (artifact id: '1f1e6df6decfac02522532713fecd9c5') in 0.008234 seconds 
========================================================================
Received Prepare
Registering precompiled user dll's ...
Registered in 0.250393 seconds.
Begin MonoManager ReloadAssembly
Symbol file LoadedFromMemory doesn't match image D:\SEPTIMO SEMESTRE\DESARROLLO DE ENTORNOS DE REALIDAD VIRTUAL\DERV_UNIDAD2\Library\PackageCache\com.unity.visualscripting@1.6.1\Editor\VisualScripting.Core\Dependencies\YamlDotNet\Unity.VisualScripting.YamlDotNet.dll
Symbol file LoadedFromMemory doesn't match image D:\SEPTIMO SEMESTRE\DESARROLLO DE ENTORNOS DE REALIDAD VIRTUAL\DERV_UNIDAD2\Library\PackageCache\com.unity.visualscripting@1.6.1\Editor\VisualScripting.Core\Dependencies\DotNetZip\Unity.VisualScripting.IonicZip.dll
Native extension for WindowsStandalone target not found
Refreshing native plugins compatible for Editor in 0.95 ms, found 3 plugins.
Preloading 0 native plugins for Editor in 0.00 ms.
[ScriptCompilation] NOT recompiling all scripts because this is an import worker process. Reason to compile was: Define symbols changed
PlayerSettings Validation: Requested build target group (20) doesn't exist; #define symbols for scripting won't be added.
UnityEngine.StackTraceUtility:ExtractStackTrace ()
UnityEditor.PlayerSettings:SetScriptingDefineSymbolsForGroup (UnityEditor.BuildTargetGroup,string)
UnityStandardAssets.CrossPlatformInput.Inspector.CrossPlatformInitialize:SetEnabled (string,bool,bool) (at Assets/Standard Assets/Editor/CrossPlatformInput/CrossPlatformInputInitialize.cs:127)
UnityStandardAssets.CrossPlatformInput.Inspector.CrossPlatformInitialize:.cctor () (at Assets/Standard Assets/Editor/CrossPlatformInput/CrossPlatformInputInitialize.cs:22)
System.Runtime.CompilerServices.RuntimeHelpers:RunClassConstructor (System.RuntimeTypeHandle)
UnityEditor.EditorAssemblies:ProcessInitializeOnLoadAttributes (System.Type[])

[Assets/Standard Assets/Editor/CrossPlatformInput/CrossPlatformInputInitialize.cs line 127]

PlayerSettings Validation: Requested build target group (17) doesn't exist; #define symbols for scripting won't be added.
UnityEngine.StackTraceUtility:ExtractStackTrace ()
UnityEditor.PlayerSettings:SetScriptingDefineSymbolsForGroup (UnityEditor.BuildTargetGroup,string)
UnityStandardAssets.CrossPlatformInput.Inspector.CrossPlatformInitialize:SetEnabled (string,bool,bool) (at Assets/Standard Assets/Editor/CrossPlatformInput/CrossPlatformInputInitialize.cs:127)
UnityStandardAssets.CrossPlatformInput.Inspector.CrossPlatformInitialize:.cctor () (at Assets/Standard Assets/Editor/CrossPlatformInput/CrossPlatformInputInitialize.cs:22)
System.Runtime.CompilerServices.RuntimeHelpers:RunClassConstructor (System.RuntimeTypeHandle)
UnityEditor.EditorAssemblies:ProcessInitializeOnLoadAttributes (System.Type[])

[Assets/Standard Assets/Editor/CrossPlatformInput/CrossPlatformInputInitialize.cs line 127]

Mono: successfully reloaded assembly
- Completed reload, in  1.331 seconds
Domain Reload Profiling:
	ReloadAssembly (1331ms)
		BeginReloadAssembly (123ms)
			ExecutionOrderSort (0ms)
			DisableScriptedObjects (8ms)
			BackupInstance (0ms)
			ReleaseScriptingObjects (0ms)
			CreateAndSetChildDomain (33ms)
		EndReloadAssembly (1142ms)
			LoadAssemblies (95ms)
			RebuildTransferFunctionScriptingTraits (0ms)
			SetupTypeCache (480ms)
			ReleaseScriptCaches (1ms)
			RebuildScriptCaches (54ms)
			SetupLoadedEditorAssemblies (371ms)
				LogAssemblyErrors (0ms)
				InitializePlatformSupportModulesInManaged (5ms)
				SetLoadedEditorAssemblies (0ms)
				RefreshPlugins (1ms)
				BeforeProcessingInitializeOnLoad (70ms)
				ProcessInitializeOnLoadAttributes (283ms)
				ProcessInitializeOnLoadMethodAttributes (5ms)
				AfterProcessingInitializeOnLoad (6ms)
				EditorAssembliesLoaded (0ms)
			ExecutionOrderSort2 (0ms)
			AwakeInstancesAfterBackupRestoration (17ms)
Platform modules already initialized, skipping
Refreshing native plugins compatible for Editor in 0.86 ms, found 3 plugins.
Preloading 0 native plugins for Editor in 0.00 ms.
Unloading 3059 Unused Serialized files (Serialized files now loaded: 0)
System memory in use before: 143.2 MB.
System memory in use after: 126.1 MB.

Unloading 41 unused Assets to reduce memory usage. Loaded Objects now: 3591.
Total: 5.425600 ms (FindLiveObjects: 0.527200 ms CreateObjectMapping: 0.291800 ms MarkObjects: 3.097500 ms  DeleteObjects: 1.507100 ms)

AssetImportParameters requested are different than current active one (requested -> active):
  custom:framework-win-MediaFoundation: 216162199b28c13a410421893ffa2e32 -> 
  custom:video-decoder-ogg-theora: a1e56fd34408186e4bbccfd4996cb3dc -> 
  custom:container-muxer-webm: aa71ff27fc2769a1b78a27578f13a17b -> 
  custom:container-demuxer-webm: 4f35f7cbe854078d1ac9338744f61a02 -> 
  custom:container-demuxer-ogg: 62fdf1f143b41e24485cea50d1cbac27 -> 
  custom:video-encoder-webm-vp8: eb34c28f22e8b96e1ab97ce403110664 -> 
  custom:video-codec-MediaFoundation-h265: 746d11721c4dcdbdad8f713fa42b33f4 -> 
  custom:video-decoder-webm-vp8: 9c59270c3fd7afecdb556c50c9e8de78 -> 
  custom:audio-decoder-ogg-vorbis: bf7c407c2cedff20999df2af8eb42d56 -> 
  custom:audio-encoder-webm-vorbis: bf7c407c2cedff20999df2af8eb42d56 -> 
========================================================================
Received Import Request.
  Time since last request: 36.872677 seconds.
  path: Assets/Scenes/1 LookAt/LookAt.cs
  artifactKey: Guid(395625ee1d11c9c48a70fdc93b6073b6) Importer(815301076,1909f56bfc062723c751e8b465ee728b)
Start importing Assets/Scenes/1 LookAt/LookAt.cs using Guid(395625ee1d11c9c48a70fdc93b6073b6) Importer(815301076,1909f56bfc062723c751e8b465ee728b)  -> (artifact id: 'c42146934a17fda094d0838b8976c31e') in 0.007829 seconds 
========================================================================
Received Prepare
Registering precompiled user dll's ...
Registered in 0.005033 seconds.
Begin MonoManager ReloadAssembly
Symbol file LoadedFromMemory doesn't match image D:\SEPTIMO SEMESTRE\DESARROLLO DE ENTORNOS DE REALIDAD VIRTUAL\DERV_UNIDAD2\Library\PackageCache\com.unity.visualscripting@1.6.1\Editor\VisualScripting.Core\Dependencies\YamlDotNet\Unity.VisualScripting.YamlDotNet.dll
Symbol file LoadedFromMemory doesn't match image D:\SEPTIMO SEMESTRE\DESARROLLO DE ENTORNOS DE REALIDAD VIRTUAL\DERV_UNIDAD2\Library\PackageCache\com.unity.visualscripting@1.6.1\Editor\VisualScripting.Core\Dependencies\DotNetZip\Unity.VisualScripting.IonicZip.dll
Native extension for WindowsStandalone target not found
Refreshing native plugins compatible for Editor in 0.89 ms, found 3 plugins.
Preloading 0 native plugins for Editor in 0.00 ms.
Mono: successfully reloaded assembly
- Completed reload, in  1.412 seconds
Domain Reload Profiling:
	ReloadAssembly (1412ms)
		BeginReloadAssembly (122ms)
			ExecutionOrderSort (0ms)
			DisableScriptedObjects (6ms)
			BackupInstance (0ms)
			ReleaseScriptingObjects (0ms)
			CreateAndSetChildDomain (41ms)
		EndReloadAssembly (1220ms)
			LoadAssemblies (109ms)
			RebuildTransferFunctionScriptingTraits (0ms)
			SetupTypeCache (462ms)
			ReleaseScriptCaches (2ms)
			RebuildScriptCaches (56ms)
			SetupLoadedEditorAssemblies (422ms)
				LogAssemblyErrors (0ms)
				InitializePlatformSupportModulesInManaged (7ms)
				SetLoadedEditorAssemblies (1ms)
				RefreshPlugins (1ms)
				BeforeProcessingInitializeOnLoad (80ms)
				ProcessInitializeOnLoadAttributes (316ms)
				ProcessInitializeOnLoadMethodAttributes (11ms)
				AfterProcessingInitializeOnLoad (5ms)
				EditorAssembliesLoaded (0ms)
			ExecutionOrderSort2 (0ms)
			AwakeInstancesAfterBackupRestoration (29ms)
Platform modules already initialized, skipping
Refreshing native plugins compatible for Editor in 0.69 ms, found 3 plugins.
Preloading 0 native plugins for Editor in 0.00 ms.
Unloading 3059 Unused Serialized files (Serialized files now loaded: 0)
System memory in use before: 143.2 MB.
System memory in use after: 126.1 MB.

Unloading 41 unused Assets to reduce memory usage. Loaded Objects now: 3594.
Total: 4.510100 ms (FindLiveObjects: 0.343100 ms CreateObjectMapping: 0.174900 ms MarkObjects: 2.923200 ms  DeleteObjects: 1.067100 ms)

AssetImportParameters requested are different than current active one (requested -> active):
  custom:framework-win-MediaFoundation: 216162199b28c13a410421893ffa2e32 -> 
  custom:video-decoder-ogg-theora: a1e56fd34408186e4bbccfd4996cb3dc -> 
  custom:container-muxer-webm: aa71ff27fc2769a1b78a27578f13a17b -> 
  custom:container-demuxer-webm: 4f35f7cbe854078d1ac9338744f61a02 -> 
  custom:container-demuxer-ogg: 62fdf1f143b41e24485cea50d1cbac27 -> 
  custom:video-encoder-webm-vp8: eb34c28f22e8b96e1ab97ce403110664 -> 
  custom:video-codec-MediaFoundation-h265: 746d11721c4dcdbdad8f713fa42b33f4 -> 
  custom:video-decoder-webm-vp8: 9c59270c3fd7afecdb556c50c9e8de78 -> 
  custom:audio-decoder-ogg-vorbis: bf7c407c2cedff20999df2af8eb42d56 -> 
  custom:audio-encoder-webm-vorbis: bf7c407c2cedff20999df2af8eb42d56 -> 
========================================================================
Received Prepare
Registering precompiled user dll's ...
Registered in 0.099687 seconds.
Begin MonoManager ReloadAssembly
Symbol file LoadedFromMemory doesn't match image D:\SEPTIMO SEMESTRE\DESARROLLO DE ENTORNOS DE REALIDAD VIRTUAL\DERV_UNIDAD2\Library\PackageCache\com.unity.visualscripting@1.6.1\Editor\VisualScripting.Core\Dependencies\YamlDotNet\Unity.VisualScripting.YamlDotNet.dll
Symbol file LoadedFromMemory doesn't match image D:\SEPTIMO SEMESTRE\DESARROLLO DE ENTORNOS DE REALIDAD VIRTUAL\DERV_UNIDAD2\Library\PackageCache\com.unity.visualscripting@1.6.1\Editor\VisualScripting.Core\Dependencies\DotNetZip\Unity.VisualScripting.IonicZip.dll
Native extension for WindowsStandalone target not found
Refreshing native plugins compatible for Editor in 1.05 ms, found 3 plugins.
Preloading 0 native plugins for Editor in 0.00 ms.
Mono: successfully reloaded assembly
- Completed reload, in  2.291 seconds
Domain Reload Profiling:
	ReloadAssembly (2292ms)
		BeginReloadAssembly (182ms)
			ExecutionOrderSort (0ms)
			DisableScriptedObjects (10ms)
			BackupInstance (0ms)
			ReleaseScriptingObjects (0ms)
			CreateAndSetChildDomain (48ms)
		EndReloadAssembly (1947ms)
			LoadAssemblies (763ms)
			RebuildTransferFunctionScriptingTraits (0ms)
			SetupTypeCache (453ms)
			ReleaseScriptCaches (2ms)
			RebuildScriptCaches (56ms)
			SetupLoadedEditorAssemblies (551ms)
				LogAssemblyErrors (0ms)
				InitializePlatformSupportModulesInManaged (7ms)
				SetLoadedEditorAssemblies (1ms)
				RefreshPlugins (1ms)
				BeforeProcessingInitializeOnLoad (67ms)
				ProcessInitializeOnLoadAttributes (463ms)
				ProcessInitializeOnLoadMethodAttributes (5ms)
				AfterProcessingInitializeOnLoad (7ms)
				EditorAssembliesLoaded (0ms)
			ExecutionOrderSort2 (0ms)
			AwakeInstancesAfterBackupRestoration (15ms)
Platform modules already initialized, skipping
Refreshing native plugins compatible for Editor in 1.58 ms, found 3 plugins.
Preloading 0 native plugins for Editor in 0.00 ms.
Unloading 3059 Unused Serialized files (Serialized files now loaded: 0)
System memory in use before: 143.2 MB.
System memory in use after: 126.1 MB.

Unloading 41 unused Assets to reduce memory usage. Loaded Objects now: 3597.
Total: 8.627400 ms (FindLiveObjects: 0.607100 ms CreateObjectMapping: 0.345800 ms MarkObjects: 5.799900 ms  DeleteObjects: 1.870600 ms)

AssetImportParameters requested are different than current active one (requested -> active):
  custom:framework-win-MediaFoundation: 216162199b28c13a410421893ffa2e32 -> 
  custom:video-decoder-ogg-theora: a1e56fd34408186e4bbccfd4996cb3dc -> 
  custom:container-muxer-webm: aa71ff27fc2769a1b78a27578f13a17b -> 
  custom:container-demuxer-webm: 4f35f7cbe854078d1ac9338744f61a02 -> 
  custom:container-demuxer-ogg: 62fdf1f143b41e24485cea50d1cbac27 -> 
  custom:video-encoder-webm-vp8: eb34c28f22e8b96e1ab97ce403110664 -> 
  custom:video-codec-MediaFoundation-h265: 746d11721c4dcdbdad8f713fa42b33f4 -> 
  custom:video-decoder-webm-vp8: 9c59270c3fd7afecdb556c50c9e8de78 -> 
  custom:audio-decoder-ogg-vorbis: bf7c407c2cedff20999df2af8eb42d56 -> 
  custom:audio-encoder-webm-vorbis: bf7c407c2cedff20999df2af8eb42d56 -> 
